<?xml version="1.0" encoding="UTF-8"?>
<Site BuildName="Win32-mingw32-make"
	BuildStamp="20231204-0059-Experimental"
	Name="BLD"
	Generator="ctest-3.28.0-rc3"
	CompilerName="C:/msys64/ucrt64/bin/g++.exe"
	CompilerVersion="13.2.0"
	OSName="Windows"
	Hostname="BLD"
	OSRelease=" Personal"
	OSVersion=" (Build 19045)"
	OSPlatform="AMD64"
	Is64Bits="1"
	VendorString="AuthenticAMD"
	VendorID="Advanced Micro Devices"
	FamilyID="15"
	ModelID="1"
	ProcessorCacheSize="64"
	NumberOfLogicalCPU="24"
	NumberOfPhysicalCPU="12"
	TotalVirtualMemory="75188"
	TotalPhysicalMemory="65460"
	LogicalProcessorsPerPhysical="2"
	ProcessorClockFrequency="3699"
	>
	<Testing>
		<StartDateTime>Dec 03 19:16 Central Standard Time</StartDateTime>
		<StartTestTime>1701652573</StartTestTime>
		<TestList/>
		<EndDateTime>Dec 03 19:16 Central Standard Time</EndDateTime>
		<EndTestTime>1701652573</EndTestTime>
		<ElapsedMinutes>0</ElapsedMinutes>
	</Testing>
</Site>
